[2020-10-22 22:15:54,400|DEBUG|__init__.py:38] Path app root : /home/coder/project/SJ/git_release/sjva2_src_obfuscate
[2020-10-22 22:15:54,438|DEBUG|__init__.py:39] Path app data : /home/coder/project/SJ/git_release/sjva2_src_obfuscate/data
[2020-10-22 22:15:54,438|DEBUG|__init__.py:41] Platform : Linux
[2020-10-22 22:15:54,440|DEBUG|__init__.py:47] NOT INSTALLED FLASK_RESTFUL
[2020-10-22 22:15:54,440|DEBUG|__init__.py:53] ======================================
[2020-10-22 22:15:54,440|DEBUG|__init__.py:54] ['sjva.py', '0', '0']
[2020-10-22 22:15:54,445|DEBUG|class_scheduler.py:30] SCHEDULER..
[2020-10-22 22:15:54,468|ERROR|__init__.py:177] Exception:name 'file' is not defined
[2020-10-22 22:15:54,469|ERROR|__init__.py:178] Traceback (most recent call last):
  File "/home/coder/project/SJ/git_release/sjva2_src_obfuscate/lib/framework/__init__.py", line 76, in <module>
    from.manual import*
  File "/home/coder/project/SJ/git_release/sjva2_src_obfuscate/lib/framework/manual.py", line 3, in <module>
    R=file
NameError: name 'file' is not defined

[2020-10-22 22:21:14,848|DEBUG|__init__.py:38] Path app root : /home/coder/project/SJ/git_release/sjva2_src_obfuscate
[2020-10-22 22:21:14,867|DEBUG|__init__.py:39] Path app data : /home/coder/project/SJ/git_release/sjva2_src_obfuscate/data
[2020-10-22 22:21:14,868|DEBUG|__init__.py:41] Platform : Linux
[2020-10-22 22:21:14,869|DEBUG|__init__.py:47] NOT INSTALLED FLASK_RESTFUL
[2020-10-22 22:21:14,870|DEBUG|__init__.py:53] ======================================
[2020-10-22 22:21:14,870|DEBUG|__init__.py:54] ['sjva.py', '0', '0']
[2020-10-22 22:21:14,872|DEBUG|class_scheduler.py:30] SCHEDULER..
[2020-10-22 22:21:14,880|ERROR|__init__.py:177] Exception:Working outside of request context.

This typically means that you attempted to use functionality that needed
an active HTTP request.  Consult the documentation on testing for
information about how to avoid this problem.
[2020-10-22 22:21:14,882|ERROR|__init__.py:178] Traceback (most recent call last):
  File "/home/coder/project/SJ/git_release/sjva2_src_obfuscate/lib/framework/__init__.py", line 76, in <module>
    from.manual import*
  File "/home/coder/project/SJ/git_release/sjva2_src_obfuscate/lib/framework/manual.py", line 11, in <module>
    f=request.form
  File "/usr/local/lib/python3.6/dist-packages/werkzeug/local.py", line 347, in __getattr__
    return getattr(self._get_current_object(), name)
  File "/usr/local/lib/python3.6/dist-packages/werkzeug/local.py", line 306, in _get_current_object
    return self.__local()
  File "/usr/local/lib/python3.6/dist-packages/flask/globals.py", line 38, in _lookup_req_object
    raise RuntimeError(_request_ctx_err_msg)
RuntimeError: Working outside of request context.

This typically means that you attempted to use functionality that needed
an active HTTP request.  Consult the documentation on testing for
information about how to avoid this problem.

[2020-10-22 22:23:59,718|DEBUG|__init__.py:38] Path app root : /home/coder/project/SJ/git_release/sjva2_src_obfuscate
[2020-10-22 22:23:59,864|DEBUG|__init__.py:39] Path app data : /home/coder/project/SJ/git_release/sjva2_src_obfuscate/data
[2020-10-22 22:23:59,864|DEBUG|__init__.py:41] Platform : Linux
[2020-10-22 22:23:59,882|DEBUG|__init__.py:47] NOT INSTALLED FLASK_RESTFUL
[2020-10-22 22:23:59,883|DEBUG|__init__.py:53] ======================================
[2020-10-22 22:23:59,883|DEBUG|__init__.py:54] ['sjva.py', '0', '0']
[2020-10-22 22:23:59,885|DEBUG|class_scheduler.py:30] SCHEDULER..
[2020-10-22 22:23:59,922|ERROR|__init__.py:177] Exception:Working outside of request context.

This typically means that you attempted to use functionality that needed
an active HTTP request.  Consult the documentation on testing for
information about how to avoid this problem.
[2020-10-22 22:23:59,936|ERROR|__init__.py:178] Traceback (most recent call last):
  File "/home/coder/project/SJ/git_release/sjva2_src_obfuscate/lib/framework/__init__.py", line 76, in <module>
    from.manual import*
  File "/home/coder/project/SJ/git_release/sjva2_src_obfuscate/lib/framework/manual.py", line 11, in <module>
    f=request.form
  File "/usr/local/lib/python3.6/dist-packages/werkzeug/local.py", line 347, in __getattr__
    return getattr(self._get_current_object(), name)
  File "/usr/local/lib/python3.6/dist-packages/werkzeug/local.py", line 306, in _get_current_object
    return self.__local()
  File "/usr/local/lib/python3.6/dist-packages/flask/globals.py", line 38, in _lookup_req_object
    raise RuntimeError(_request_ctx_err_msg)
RuntimeError: Working outside of request context.

This typically means that you attempted to use functionality that needed
an active HTTP request.  Consult the documentation on testing for
information about how to avoid this problem.

[2020-10-22 22:32:22,818|DEBUG|__init__.py:38] Path app root : /home/coder/project/SJ/git_release/sjva2_src_obfuscate
[2020-10-22 22:32:22,894|DEBUG|__init__.py:39] Path app data : /home/coder/project/SJ/git_release/sjva2_src_obfuscate/data
[2020-10-22 22:32:22,895|DEBUG|__init__.py:41] Platform : Linux
[2020-10-22 22:32:22,896|DEBUG|__init__.py:47] NOT INSTALLED FLASK_RESTFUL
[2020-10-22 22:32:22,897|DEBUG|__init__.py:53] ======================================
[2020-10-22 22:32:22,897|DEBUG|__init__.py:54] ['sjva.py', '0', '0']
[2020-10-22 22:32:22,915|DEBUG|class_scheduler.py:30] SCHEDULER..
[2020-10-22 22:32:22,951|ERROR|__init__.py:177] Exception:Working outside of request context.

This typically means that you attempted to use functionality that needed
an active HTTP request.  Consult the documentation on testing for
information about how to avoid this problem.
[2020-10-22 22:32:22,952|ERROR|__init__.py:178] Traceback (most recent call last):
  File "/home/coder/project/SJ/git_release/sjva2_src_obfuscate/lib/framework/__init__.py", line 76, in <module>
    from.manual import*
  File "/home/coder/project/SJ/git_release/sjva2_src_obfuscate/lib/framework/manual.py", line 11, in <module>
    f=request.form
  File "/usr/local/lib/python3.6/dist-packages/werkzeug/local.py", line 347, in __getattr__
    return getattr(self._get_current_object(), name)
  File "/usr/local/lib/python3.6/dist-packages/werkzeug/local.py", line 306, in _get_current_object
    return self.__local()
  File "/usr/local/lib/python3.6/dist-packages/flask/globals.py", line 38, in _lookup_req_object
    raise RuntimeError(_request_ctx_err_msg)
RuntimeError: Working outside of request context.

This typically means that you attempted to use functionality that needed
an active HTTP request.  Consult the documentation on testing for
information about how to avoid this problem.

[2020-10-22 22:34:31,132|DEBUG|__init__.py:38] Path app root : /home/coder/project/SJ/git_release/sjva2_src_obfuscate
[2020-10-22 22:34:31,237|DEBUG|__init__.py:39] Path app data : /home/coder/project/SJ/git_release/sjva2_src_obfuscate/data
[2020-10-22 22:34:31,237|DEBUG|__init__.py:41] Platform : Linux
[2020-10-22 22:34:31,252|DEBUG|__init__.py:47] NOT INSTALLED FLASK_RESTFUL
[2020-10-22 22:34:31,252|DEBUG|__init__.py:53] ======================================
[2020-10-22 22:34:31,253|DEBUG|__init__.py:54] ['sjva.py', '0', '0']
[2020-10-22 22:34:31,273|DEBUG|class_scheduler.py:30] SCHEDULER..
[2020-10-22 22:34:31,310|ERROR|__init__.py:177] Exception:Working outside of request context.

This typically means that you attempted to use functionality that needed
an active HTTP request.  Consult the documentation on testing for
information about how to avoid this problem.
[2020-10-22 22:34:31,311|ERROR|__init__.py:178] Traceback (most recent call last):
  File "/home/coder/project/SJ/git_release/sjva2_src_obfuscate/lib/framework/__init__.py", line 76, in <module>
    from.manual import*
  File "/home/coder/project/SJ/git_release/sjva2_src_obfuscate/lib/framework/manual.py", line 11, in <module>
    f=request.form
  File "/usr/local/lib/python3.6/dist-packages/werkzeug/local.py", line 347, in __getattr__
    return getattr(self._get_current_object(), name)
  File "/usr/local/lib/python3.6/dist-packages/werkzeug/local.py", line 306, in _get_current_object
    return self.__local()
  File "/usr/local/lib/python3.6/dist-packages/flask/globals.py", line 38, in _lookup_req_object
    raise RuntimeError(_request_ctx_err_msg)
RuntimeError: Working outside of request context.

This typically means that you attempted to use functionality that needed
an active HTTP request.  Consult the documentation on testing for
information about how to avoid this problem.

[2020-10-22 22:35:37,591|DEBUG|__init__.py:38] Path app root : /home/coder/project/SJ/git_release/sjva2_src_obfuscate
[2020-10-22 22:35:37,611|DEBUG|__init__.py:39] Path app data : /home/coder/project/SJ/git_release/sjva2_src_obfuscate/data
[2020-10-22 22:35:37,611|DEBUG|__init__.py:41] Platform : Linux
[2020-10-22 22:35:37,613|DEBUG|__init__.py:47] NOT INSTALLED FLASK_RESTFUL
[2020-10-22 22:35:37,614|DEBUG|__init__.py:53] ======================================
[2020-10-22 22:35:37,614|DEBUG|__init__.py:54] ['sjva.py', '0', '0']
[2020-10-22 22:35:37,616|DEBUG|class_scheduler.py:30] SCHEDULER..
[2020-10-22 22:35:37,686|ERROR|__init__.py:177] Exception:name 'unicode' is not defined
[2020-10-22 22:35:37,687|ERROR|__init__.py:178] Traceback (most recent call last):
  File "/home/coder/project/SJ/git_release/sjva2_src_obfuscate/lib/framework/__init__.py", line 76, in <module>
    from.manual import*
  File "/home/coder/project/SJ/git_release/sjva2_src_obfuscate/lib/framework/manual.py", line 9, in <module>
    from framework.job import Job
  File "/home/coder/project/SJ/git_release/sjva2_src_obfuscate/lib/framework/job.py", line 8, in <module>
    l=unicode
NameError: name 'unicode' is not defined

[2020-10-22 22:41:10,862|DEBUG|__init__.py:38] Path app root : /home/coder/project/SJ/git_release/sjva2_src_obfuscate
[2020-10-22 22:41:10,884|DEBUG|__init__.py:39] Path app data : /home/coder/project/SJ/git_release/sjva2_src_obfuscate/data
[2020-10-22 22:41:10,884|DEBUG|__init__.py:41] Platform : Linux
[2020-10-22 22:41:10,887|DEBUG|__init__.py:47] NOT INSTALLED FLASK_RESTFUL
[2020-10-22 22:41:10,887|DEBUG|__init__.py:53] ======================================
[2020-10-22 22:41:10,888|DEBUG|__init__.py:54] ['sjva.py', '0', '0']
[2020-10-22 22:41:10,891|DEBUG|class_scheduler.py:30] SCHEDULER..
[2020-10-22 22:41:10,956|ERROR|__init__.py:177] Exception:name 'unicode' is not defined
[2020-10-22 22:41:10,957|ERROR|__init__.py:178] Traceback (most recent call last):
  File "/home/coder/project/SJ/git_release/sjva2_src_obfuscate/lib/framework/__init__.py", line 76, in <module>
    from.manual import*
  File "/home/coder/project/SJ/git_release/sjva2_src_obfuscate/lib/framework/manual.py", line 10, in <module>
    from framework.job import Job
  File "/home/coder/project/SJ/git_release/sjva2_src_obfuscate/lib/framework/job.py", line 8, in <module>
    I=unicode
NameError: name 'unicode' is not defined

